<?xml version="1.0" encoding="UTF-8"?>
<!-- Generated by org.testng.reporters.JUnitReportReporter -->
<testsuite skipped="0" hostname="SINGARAOMADCDC5" name="tests.SendEmailWorking" tests="1" failures="0" timestamp="2022-11-30T07:28:21 IST" time="5.291" errors="0">
  <testcase name="testmail" time="5.291" classname="tests.SendEmailWorking"/>
  <system-out/>
</testsuite> <!-- tests.SendEmailWorking -->
